\BOOKMARK [1][-]{section.1}{Introduktion}{}% 1
\BOOKMARK [1][-]{section.2}{Task 1 - Extra operators}{}% 2
\BOOKMARK [2][-]{subsection.2.1}{Precedence}{section.2}% 3
\BOOKMARK [2][-]{subsection.2.2}{And and Or}{section.2}% 4
\BOOKMARK [2][-]{subsection.2.3}{Negate and Not}{section.2}% 5
\BOOKMARK [2][-]{subsection.2.4}{True and False}{section.2}% 6
\BOOKMARK [2][-]{subsection.2.5}{Tests}{section.2}% 7
\BOOKMARK [1][-]{section.3}{Task 2 - Filter and Scan}{}% 8
\BOOKMARK [2][-]{subsection.3.1}{Filter}{section.3}% 9
\BOOKMARK [2][-]{subsection.3.2}{Scan}{section.3}% 10
\BOOKMARK [2][-]{subsection.3.3}{Tests}{section.3}% 11
\BOOKMARK [1][-]{section.4}{Task 3 - Lambda-expressions}{}% 12
\BOOKMARK [2][-]{subsection.4.1}{Tests}{section.4}% 13
\BOOKMARK [1][-]{section.5}{Task 4 - ConstCopyPropFold}{}% 14
\BOOKMARK [2][-]{subsection.5.1}{Shadowing}{section.5}% 15
\BOOKMARK [2][-]{subsection.5.2}{Tests}{section.5}% 16
\BOOKMARK [1][-]{section.6}{Appendices}{}% 17
\BOOKMARK [2][-]{subsection.6.1}{Task 1 - TypeChecker.sml}{section.6}% 18
\BOOKMARK [2][-]{subsection.6.2}{Task 1 - Interpreter.sml}{section.6}% 19
\BOOKMARK [2][-]{subsection.6.3}{Filter - CodeGen.sml}{section.6}% 20
\BOOKMARK [2][-]{subsection.6.4}{Scan - CodeGen.sml}{section.6}% 21
